<html>
<head>
<title>TestNG:  Default test</title>
<link href="../testng.css" rel="stylesheet" type="text/css" />
<link href="../my-testng.css" rel="stylesheet" type="text/css" />

<style type="text/css">
.log { display: none;} 
.stack-trace { display: none;} 
</style>
<script type="text/javascript">
<!--
function flip(e) {
  current = e.style.display;
  if (current == 'block') {
    e.style.display = 'none';
    return 0;
  }
  else {
    e.style.display = 'block';
    return 1;
  }
}

function toggleBox(szDivId, elem, msg1, msg2)
{
  var res = -1;  if (document.getElementById) {
    res = flip(document.getElementById(szDivId));
  }
  else if (document.all) {
    // this is the way old msie versions work
    res = flip(document.all[szDivId]);
  }
  if(elem) {
    if(res == 0) elem.innerHTML = msg1; else elem.innerHTML = msg2;
  }

}

function toggleAllBoxes() {
  if (document.getElementsByTagName) {
    d = document.getElementsByTagName('div');
    for (i = 0; i < d.length; i++) {
      if (d[i].className == 'log') {
        flip(d[i]);
      }
    }
  }
}

// -->
</script>

</head>
<body>
<h2 align='center'>Default test</h2><table border='1' align="center">
<tr>
<td>Tests passed/Failed/Skipped:</td><td>43/1/1</td>
</tr><tr>
<td>Started on:</td><td>Mon Jul 01 13:25:02 IST 2024</td>
</tr>
<tr><td>Total time:</td><td>806 seconds (806109 ms)</td>
</tr><tr>
<td>Included groups:</td><td></td>
</tr><tr>
<td>Excluded groups:</td><td></td>
</tr>
</table><p/>
<small><i>(Hover the method name to see the test class name)</i></small><p/>
<table width='100%' border='1' class='invocation-failed'>
<tr><td colspan='4' align='center'><b>FAILED TESTS</b></td></tr>
<tr><td><b>Test method</b></td>
<td><b>Attribute(s)</b></td>
<td width="30%"><b>Exception</b></td>
<td width="10%"><b>Time (seconds)</b></td>
<td><b>Instance</b></td>
</tr>
<tr>
<td title='Testcases.Post_login.verifySignupNotDisplayedAfterNavigation()'><b>verifySignupNotDisplayedAfterNavigation</b><br>Test class: Testcases.Post_login</td>
<td><div><pre>java.lang.AssertionError: Signup screen is still displayed after navigating back expected [false] but found [true]
	at org.testng.Assert.fail(Assert.java:110)
	at org.testng.Assert.failNotEquals(Assert.java:1577)
	at org.testng.Assert.assertFalse(Assert.java:78)
	at Testcases.Post_login.verifySignupNotDisplayedAfterNavigation(Post_login.java:412)
	at java.base/jdk.internal.reflect.NativeMethodAccessorImpl.invoke0(Native Method)
	at java.base/jdk.internal.reflect.NativeMethodAccessorImpl.invoke(NativeMethodAccessorImpl.java:77)
	at java.base/jdk.internal.reflect.DelegatingMethodAccessorImpl.invoke(DelegatingMethodAccessorImpl.java:43)
	at java.base/java.lang.reflect.Method.invoke(Method.java:568)
	at org.testng.internal.invokers.MethodInvocationHelper.invokeMethod(MethodInvocationHelper.java:139)
	at org.testng.internal.invokers.TestInvoker.invokeMethod(TestInvoker.java:677)
	at org.testng.internal.invokers.TestInvoker.retryFailed(TestInvoker.java:263)
	at org.testng.internal.invokers.MethodRunner.runInSequence(MethodRunner.java:62)
	at org.testng.internal.invokers.TestInvoker$MethodInvocationAgent.invoke(TestInvoker.java:969)
	at org.testng.internal.invokers.TestInvoker.invokeTestMethods(TestInvoker.java:194)
	at org.testng.internal.invokers.TestMethodWorker.invokeTestMethods(TestMethodWorker.java:148)
	at org.testng.internal.invokers.TestMethodWorker.run(TestMethodWorker.java:128)
	at java.base/java.util.ArrayList.forEach(ArrayList.java:1511)
	at org.testng.TestRunner.privateRun(TestRunner.java:829)
	at org.testng.TestRunner.run(TestRunner.java:602)
	at org.testng.SuiteRunner.runTest(SuiteRunner.java:437)
	at org.testng.SuiteRunner.runSequentially(SuiteRunner.java:431)
	at org.testng.SuiteRunner.privateRun(SuiteRunner.java:391)
	at org.testng.SuiteRunner.run(SuiteRunner.java:330)
	at org.testng.SuiteRunnerWorker.runSuite(SuiteRunnerWorker.java:52)
	at org.testng.SuiteRunnerWorker.run(SuiteRunnerWorker.java:95)
	at org.testng.TestNG.runSuitesSequentially(TestNG.java:1256)
	at org.testng.TestNG.runSuitesLocally(TestNG.java:1176)
	at org.testng.TestNG.runSuites(TestNG.java:1099)
	at org.testng.TestNG.run(TestNG.java:1067)
	at org.testng.remote.AbstractRemoteTestNG.run(AbstractRemoteTestNG.java:115)
	at org.testng.remote.RemoteTestNG.initAndRun(RemoteTestNG.java:293)
	at org.testng.remote.RemoteTestNG.main(RemoteTestNG.java:91)
</pre></div><a href='#' onClick='toggleBox("stack-trace592965632", this, "Click to show all stack frames", "Click to hide stack frames")'>Click to show all stack frames</a>
<div class='stack-trace' id='stack-trace592965632'><pre>java.lang.AssertionError: Signup screen is still displayed after navigating back expected [false] but found [true]
	at org.testng.Assert.fail(Assert.java:110)
	at org.testng.Assert.failNotEquals(Assert.java:1577)
	at org.testng.Assert.assertFalse(Assert.java:78)
	at Testcases.Post_login.verifySignupNotDisplayedAfterNavigation(Post_login.java:412)
	at java.base/jdk.internal.reflect.NativeMethodAccessorImpl.invoke0(Native Method)
	at java.base/jdk.internal.reflect.NativeMethodAccessorImpl.invoke(NativeMethodAccessorImpl.java:77)
	at java.base/jdk.internal.reflect.DelegatingMethodAccessorImpl.invoke(DelegatingMethodAccessorImpl.java:43)
	at java.base/java.lang.reflect.Method.invoke(Method.java:568)
	at org.testng.internal.invokers.MethodInvocationHelper.invokeMethod(MethodInvocationHelper.java:139)
	at org.testng.internal.invokers.TestInvoker.invokeMethod(TestInvoker.java:677)
	at org.testng.internal.invokers.TestInvoker.retryFailed(TestInvoker.java:263)
	at org.testng.internal.invokers.MethodRunner.runInSequence(MethodRunner.java:62)
	at org.testng.internal.invokers.TestInvoker$MethodInvocationAgent.invoke(TestInvoker.java:969)
	at org.testng.internal.invokers.TestInvoker.invokeTestMethods(TestInvoker.java:194)
	at org.testng.internal.invokers.TestMethodWorker.invokeTestMethods(TestMethodWorker.java:148)
	at org.testng.internal.invokers.TestMethodWorker.run(TestMethodWorker.java:128)
	at java.base/java.util.ArrayList.forEach(ArrayList.java:1511)
	at org.testng.TestRunner.privateRun(TestRunner.java:829)
	at org.testng.TestRunner.run(TestRunner.java:602)
	at org.testng.SuiteRunner.runTest(SuiteRunner.java:437)
	at org.testng.SuiteRunner.runSequentially(SuiteRunner.java:431)
	at org.testng.SuiteRunner.privateRun(SuiteRunner.java:391)
	at org.testng.SuiteRunner.run(SuiteRunner.java:330)
	at org.testng.SuiteRunnerWorker.runSuite(SuiteRunnerWorker.java:52)
	at org.testng.SuiteRunnerWorker.run(SuiteRunnerWorker.java:95)
	at org.testng.TestNG.runSuitesSequentially(TestNG.java:1256)
	at org.testng.TestNG.runSuitesLocally(TestNG.java:1176)
	at org.testng.TestNG.runSuites(TestNG.java:1099)
	at org.testng.TestNG.run(TestNG.java:1067)
	at org.testng.remote.AbstractRemoteTestNG.run(AbstractRemoteTestNG.java:115)
	at org.testng.remote.RemoteTestNG.initAndRun(RemoteTestNG.java:293)
	at org.testng.remote.RemoteTestNG.main(RemoteTestNG.java:91)
</pre></div></td>
<td>15</td>
<td>Testcases.Post_login@7a56812e</td></tr>
</table><p>
<table width='100%' border='1' class='invocation-passed'>
<tr><td colspan='4' align='center'><b>PASSED TESTS</b></td></tr>
<tr><td><b>Test method</b></td>
<td><b>Attribute(s)</b></td>
<td width="30%"><b>Exception</b></td>
<td width="10%"><b>Time (seconds)</b></td>
<td><b>Instance</b></td>
</tr>
<tr>
<td title='Testcases.Post_login.getstarted_login()'><b>getstarted_login</b><br>Test class: Testcases.Post_login</td>
<td></td>
<td>27</td>
<td>Testcases.Post_login@7a56812e</td></tr>
<tr>
<td title='Testcases.Login_in.signup_login()'><b>signup_login</b><br>Test class: Testcases.Login_in</td>
<td></td>
<td>12</td>
<td>Testcases.Login_in@a50b09c</td></tr>
<tr>
<td title='Testcases.Post_login.Completed_survey_list()'><b>Completed_survey_list</b><br>Test class: Testcases.Post_login</td>
<td></td>
<td>16</td>
<td>Testcases.Post_login@7a56812e</td></tr>
<tr>
<td title='Testcases.clickable_function.TC_06()'><b>TC_06</b><br>Test class: Testcases.clickable_function</td>
<td></td>
<td>7</td>
<td>Testcases.clickable_function@4da855dd</td></tr>
<tr>
<td title='Testcases.Login_in.Invalid_Email()'><b>Invalid_Email</b><br>Test class: Testcases.Login_in</td>
<td></td>
<td>11</td>
<td>Testcases.Login_in@a50b09c</td></tr>
<tr>
<td title='Testcases.Login_in.New_emailid_clickon_get_started()'><b>New_emailid_clickon_get_started</b><br>Test class: Testcases.Login_in</td>
<td></td>
<td>11</td>
<td>Testcases.Login_in@a50b09c</td></tr>
<tr>
<td title='Testcases.Login_in.New_emailid()'><b>New_emailid</b><br>Test class: Testcases.Login_in</td>
<td></td>
<td>11</td>
<td>Testcases.Login_in@a50b09c</td></tr>
<tr>
<td title='Testcases.Post_login.Login_Dashboard()'><b>Login_Dashboard</b><br>Test class: Testcases.Post_login</td>
<td></td>
<td>13</td>
<td>Testcases.Post_login@7a56812e</td></tr>
<tr>
<td title='Testcases.Post_login.login_switch_home()'><b>login_switch_home</b><br>Test class: Testcases.Post_login</td>
<td></td>
<td>21</td>
<td>Testcases.Post_login@7a56812e</td></tr>
<tr>
<td title='Testcases.SignUp.Login_signup()'><b>Login_signup</b><br>Test class: Testcases.SignUp</td>
<td></td>
<td>3</td>
<td>Testcases.SignUp@388ffbc2</td></tr>
<tr>
<td title='Testcases.SignUp.signup_resendcode()'><b>signup_resendcode</b><br>Test class: Testcases.SignUp</td>
<td></td>
<td>36</td>
<td>Testcases.SignUp@388ffbc2</td></tr>
<tr>
<td title='Testcases.Post_login.allsurveys_Heading()'><b>allsurveys_Heading</b><br>Test class: Testcases.Post_login</td>
<td></td>
<td>13</td>
<td>Testcases.Post_login@7a56812e</td></tr>
<tr>
<td title='Testcases.Post_login.signup_login()'><b>signup_login</b><br>Test class: Testcases.Post_login</td>
<td></td>
<td>12</td>
<td>Testcases.Post_login@7a56812e</td></tr>
<tr>
<td title='Testcases.SignUp.existing_emailid()'><b>existing_emailid</b><br>Test class: Testcases.SignUp</td>
<td></td>
<td>3</td>
<td>Testcases.SignUp@388ffbc2</td></tr>
<tr>
<td title='Testcases.Post_login.allsurveys_cardLIST()'><b>allsurveys_cardLIST</b><br>Test class: Testcases.Post_login</td>
<td></td>
<td>12</td>
<td>Testcases.Post_login@7a56812e</td></tr>
<tr>
<td title='Testcases.Post_login.after_login_changeto_filter()'><b>after_login_changeto_filter</b><br>Test class: Testcases.Post_login</td>
<td></td>
<td>17</td>
<td>Testcases.Post_login@7a56812e</td></tr>
<tr>
<td title='Testcases.clickable_function.TC_08()'><b>TC_08</b><br>Test class: Testcases.clickable_function</td>
<td></td>
<td>10</td>
<td>Testcases.clickable_function@4da855dd</td></tr>
<tr>
<td title='Testcases.Post_login.printing_survey_title()'><b>printing_survey_title</b><br>Test class: Testcases.Post_login</td>
<td></td>
<td>12</td>
<td>Testcases.Post_login@7a56812e</td></tr>
<tr>
<td title='Testcases.Post_login.Delete_cookies()'><b>Delete_cookies</b><br>Test class: Testcases.Post_login</td>
<td></td>
<td>16</td>
<td>Testcases.Post_login@7a56812e</td></tr>
<tr>
<td title='Testcases.Login_in.email_error_message()'><b>email_error_message</b><br>Test class: Testcases.Login_in</td>
<td></td>
<td>11</td>
<td>Testcases.Login_in@a50b09c</td></tr>
<tr>
<td title='Testcases.SignUp.click_actions()'><b>click_actions</b><br>Test class: Testcases.SignUp</td>
<td></td>
<td>2</td>
<td>Testcases.SignUp@388ffbc2</td></tr>
<tr>
<td title='Testcases.clickable_function.TC_02()'><b>TC_02</b><br>Test class: Testcases.clickable_function</td>
<td></td>
<td>1</td>
<td>Testcases.clickable_function@4da855dd</td></tr>
<tr>
<td title='Testcases.Post_login.print_the_firstsurvey_response()'><b>print_the_firstsurvey_response</b><br>Test class: Testcases.Post_login</td>
<td></td>
<td>38</td>
<td>Testcases.Post_login@7a56812e</td></tr>
<tr>
<td title='Testcases.clickable_function.TC_10()'><b>TC_10</b><br>Test class: Testcases.clickable_function</td>
<td></td>
<td>4</td>
<td>Testcases.clickable_function@4da855dd</td></tr>
<tr>
<td title='Testcases.clickable_function.TC_03()'><b>TC_03</b><br>Test class: Testcases.clickable_function</td>
<td></td>
<td>2</td>
<td>Testcases.clickable_function@4da855dd</td></tr>
<tr>
<td title='Testcases.Post_login.Surveycard_back_navigation()'><b>Surveycard_back_navigation</b><br>Test class: Testcases.Post_login</td>
<td></td>
<td>18</td>
<td>Testcases.Post_login@7a56812e</td></tr>
<tr>
<td title='Testcases.Login_in.Resend_OTP()'><b>Resend_OTP</b><br>Test class: Testcases.Login_in</td>
<td></td>
<td>52</td>
<td>Testcases.Login_in@a50b09c</td></tr>
<tr>
<td title='Testcases.Post_login.Overview()'><b>Overview</b><br>Test class: Testcases.Post_login</td>
<td></td>
<td>11</td>
<td>Testcases.Post_login@7a56812e</td></tr>
<tr>
<td title='Testcases.Post_login.change_filters()'><b>change_filters</b><br>Test class: Testcases.Post_login</td>
<td></td>
<td>21</td>
<td>Testcases.Post_login@7a56812e</td></tr>
<tr>
<td title='Testcases.SignUp.login_signup()'><b>login_signup</b><br>Test class: Testcases.SignUp</td>
<td></td>
<td>4</td>
<td>Testcases.SignUp@388ffbc2</td></tr>
<tr>
<td title='Testcases.Login_in.OTP_error()'><b>OTP_error</b><br>Test class: Testcases.Login_in</td>
<td></td>
<td>15</td>
<td>Testcases.Login_in@a50b09c</td></tr>
<tr>
<td title='Testcases.Post_login.Scheduled_surveys_cardNumber()'><b>Scheduled_surveys_cardNumber</b><br>Test class: Testcases.Post_login</td>
<td></td>
<td>16</td>
<td>Testcases.Post_login@7a56812e</td></tr>
<tr>
<td title='Testcases.SignUp.clickon_signup()'><b>clickon_signup</b><br>Test class: Testcases.SignUp</td>
<td></td>
<td>1</td>
<td>Testcases.SignUp@388ffbc2</td></tr>
<tr>
<td title='Testcases.SignUp.signup_Invalid_OTP()'><b>signup_Invalid_OTP</b><br>Test class: Testcases.SignUp</td>
<td></td>
<td>32</td>
<td>Testcases.SignUp@388ffbc2</td></tr>
<tr>
<td title='Testcases.Login_in.New_emailidclickon_get_started()'><b>New_emailidclickon_get_started</b><br>Test class: Testcases.Login_in</td>
<td></td>
<td>11</td>
<td>Testcases.Login_in@a50b09c</td></tr>
<tr>
<td title='Testcases.clickable_function.TC_01()'><b>TC_01</b><br>Test class: Testcases.clickable_function</td>
<td></td>
<td>1</td>
<td>Testcases.clickable_function@4da855dd</td></tr>
<tr>
<td title='Testcases.clickable_function.TC_05()'><b>TC_05</b><br>Test class: Testcases.clickable_function</td>
<td></td>
<td>7</td>
<td>Testcases.clickable_function@4da855dd</td></tr>
<tr>
<td title='Testcases.SignUp.signup_Invalidemail()'><b>signup_Invalidemail</b><br>Test class: Testcases.SignUp</td>
<td></td>
<td>26</td>
<td>Testcases.SignUp@388ffbc2</td></tr>
<tr>
<td title='Testcases.Login_in.clickon_login()'><b>clickon_login</b><br>Test class: Testcases.Login_in</td>
<td></td>
<td>12</td>
<td>Testcases.Login_in@a50b09c</td></tr>
<tr>
<td title='Testcases.Login_in.login_signup()'><b>login_signup</b><br>Test class: Testcases.Login_in</td>
<td></td>
<td>1</td>
<td>Testcases.Login_in@a50b09c</td></tr>
<tr>
<td title='Testcases.SignUp.signup_MultipleInvalidOtps()'><b>signup_MultipleInvalidOtps</b><br>Test class: Testcases.SignUp</td>
<td></td>
<td>44</td>
<td>Testcases.SignUp@388ffbc2</td></tr>
<tr>
<td title='Testcases.clickable_function.TC_07()'><b>TC_07</b><br>Test class: Testcases.clickable_function</td>
<td></td>
<td>9</td>
<td>Testcases.clickable_function@4da855dd</td></tr>
<tr>
<td title='Testcases.Post_login.LIVE_surveycard_Numbers()'><b>LIVE_surveycard_Numbers</b><br>Test class: Testcases.Post_login</td>
<td></td>
<td>18</td>
<td>Testcases.Post_login@7a56812e</td></tr>
</table><p>
<table width='100%' border='1' class='invocation-skipped'>
<tr><td colspan='4' align='center'><b>SKIPPED TESTS</b></td></tr>
<tr><td><b>Test method</b></td>
<td><b>Attribute(s)</b></td>
<td width="30%"><b>Exception</b></td>
<td width="10%"><b>Time (seconds)</b></td>
<td><b>Instance</b></td>
</tr>
<tr>
<td title='Testcases.Post_login.verifySignupNotDisplayedAfterNavigation()'><b>verifySignupNotDisplayedAfterNavigation</b><br>Test class: Testcases.Post_login</td>
<td><div><pre>java.lang.AssertionError: Signup screen is still displayed after navigating back expected [false] but found [true]
	at org.testng.Assert.fail(Assert.java:110)
	at org.testng.Assert.failNotEquals(Assert.java:1577)
	at org.testng.Assert.assertFalse(Assert.java:78)
	at Testcases.Post_login.verifySignupNotDisplayedAfterNavigation(Post_login.java:412)
	at java.base/jdk.internal.reflect.NativeMethodAccessorImpl.invoke0(Native Method)
	at java.base/jdk.internal.reflect.NativeMethodAccessorImpl.invoke(NativeMethodAccessorImpl.java:77)
	at java.base/jdk.internal.reflect.DelegatingMethodAccessorImpl.invoke(DelegatingMethodAccessorImpl.java:43)
	at java.base/java.lang.reflect.Method.invoke(Method.java:568)
	at org.testng.internal.invokers.MethodInvocationHelper.invokeMethod(MethodInvocationHelper.java:139)
	at org.testng.internal.invokers.TestInvoker.invokeMethod(TestInvoker.java:677)
	at org.testng.internal.invokers.TestInvoker.invokeTestMethod(TestInvoker.java:221)
	at org.testng.internal.invokers.MethodRunner.runInSequence(MethodRunner.java:50)
	at org.testng.internal.invokers.TestInvoker$MethodInvocationAgent.invoke(TestInvoker.java:969)
	at org.testng.internal.invokers.TestInvoker.invokeTestMethods(TestInvoker.java:194)
	at org.testng.internal.invokers.TestMethodWorker.invokeTestMethods(TestMethodWorker.java:148)
	at org.testng.internal.invokers.TestMethodWorker.run(TestMethodWorker.java:128)
	at java.base/java.util.ArrayList.forEach(ArrayList.java:1511)
	at org.testng.TestRunner.privateRun(TestRunner.java:829)
	at org.testng.TestRunner.run(TestRunner.java:602)
	at org.testng.SuiteRunner.runTest(SuiteRunner.java:437)
	at org.testng.SuiteRunner.runSequentially(SuiteRunner.java:431)
	at org.testng.SuiteRunner.privateRun(SuiteRunner.java:391)
	at org.testng.SuiteRunner.run(SuiteRunner.java:330)
	at org.testng.SuiteRunnerWorker.runSuite(SuiteRunnerWorker.java:52)
	at org.testng.SuiteRunnerWorker.run(SuiteRunnerWorker.java:95)
	at org.testng.TestNG.runSuitesSequentially(TestNG.java:1256)
	at org.testng.TestNG.runSuitesLocally(TestNG.java:1176)
	at org.testng.TestNG.runSuites(TestNG.java:1099)
	at org.testng.TestNG.run(TestNG.java:1067)
	at org.testng.remote.AbstractRemoteTestNG.run(AbstractRemoteTestNG.java:115)
	at org.testng.remote.RemoteTestNG.initAndRun(RemoteTestNG.java:293)
	at org.testng.remote.RemoteTestNG.main(RemoteTestNG.java:91)
</pre></div><a href='#' onClick='toggleBox("stack-trace1112632546", this, "Click to show all stack frames", "Click to hide stack frames")'>Click to show all stack frames</a>
<div class='stack-trace' id='stack-trace1112632546'><pre>java.lang.AssertionError: Signup screen is still displayed after navigating back expected [false] but found [true]
	at org.testng.Assert.fail(Assert.java:110)
	at org.testng.Assert.failNotEquals(Assert.java:1577)
	at org.testng.Assert.assertFalse(Assert.java:78)
	at Testcases.Post_login.verifySignupNotDisplayedAfterNavigation(Post_login.java:412)
	at java.base/jdk.internal.reflect.NativeMethodAccessorImpl.invoke0(Native Method)
	at java.base/jdk.internal.reflect.NativeMethodAccessorImpl.invoke(NativeMethodAccessorImpl.java:77)
	at java.base/jdk.internal.reflect.DelegatingMethodAccessorImpl.invoke(DelegatingMethodAccessorImpl.java:43)
	at java.base/java.lang.reflect.Method.invoke(Method.java:568)
	at org.testng.internal.invokers.MethodInvocationHelper.invokeMethod(MethodInvocationHelper.java:139)
	at org.testng.internal.invokers.TestInvoker.invokeMethod(TestInvoker.java:677)
	at org.testng.internal.invokers.TestInvoker.invokeTestMethod(TestInvoker.java:221)
	at org.testng.internal.invokers.MethodRunner.runInSequence(MethodRunner.java:50)
	at org.testng.internal.invokers.TestInvoker$MethodInvocationAgent.invoke(TestInvoker.java:969)
	at org.testng.internal.invokers.TestInvoker.invokeTestMethods(TestInvoker.java:194)
	at org.testng.internal.invokers.TestMethodWorker.invokeTestMethods(TestMethodWorker.java:148)
	at org.testng.internal.invokers.TestMethodWorker.run(TestMethodWorker.java:128)
	at java.base/java.util.ArrayList.forEach(ArrayList.java:1511)
	at org.testng.TestRunner.privateRun(TestRunner.java:829)
	at org.testng.TestRunner.run(TestRunner.java:602)
	at org.testng.SuiteRunner.runTest(SuiteRunner.java:437)
	at org.testng.SuiteRunner.runSequentially(SuiteRunner.java:431)
	at org.testng.SuiteRunner.privateRun(SuiteRunner.java:391)
	at org.testng.SuiteRunner.run(SuiteRunner.java:330)
	at org.testng.SuiteRunnerWorker.runSuite(SuiteRunnerWorker.java:52)
	at org.testng.SuiteRunnerWorker.run(SuiteRunnerWorker.java:95)
	at org.testng.TestNG.runSuitesSequentially(TestNG.java:1256)
	at org.testng.TestNG.runSuitesLocally(TestNG.java:1176)
	at org.testng.TestNG.runSuites(TestNG.java:1099)
	at org.testng.TestNG.run(TestNG.java:1067)
	at org.testng.remote.AbstractRemoteTestNG.run(AbstractRemoteTestNG.java:115)
	at org.testng.remote.RemoteTestNG.initAndRun(RemoteTestNG.java:293)
	at org.testng.remote.RemoteTestNG.main(RemoteTestNG.java:91)
</pre></div></td>
<td>15</td>
<td>Testcases.Post_login@7a56812e</td></tr>
</table><p>
</body>
</html>