<?xml version="1.0" encoding="UTF-8"?>
<!-- Generated by org.testng.reporters.JUnitXMLReporter -->
<testsuite ignored="10" hostname="Rajesh" failures="1" tests="45" name="Default test" time="806.109" errors="0" timestamp="2024-07-01T13:38:28 IST">
  <testcase classname="Testcases.Post_login" name="Login_Dashboard" time="13.597"/>
  <testcase classname="Testcases.Post_login" name="signup_login" time="12.379"/>
  <testcase classname="Testcases.Post_login" name="after_login_changeto_filter" time="17.912"/>
  <testcase classname="Testcases.Post_login" name="Surveycard_back_navigation" time="18.932"/>
  <testcase classname="Testcases.Post_login" name="printing_survey_title" time="12.753"/>
  <testcase classname="Testcases.Post_login" name="allsurveys_cardLIST" time="12.58"/>
  <testcase classname="Testcases.Post_login" name="Scheduled_surveys_cardNumber" time="16.428"/>
  <testcase classname="Testcases.Post_login" name="Completed_survey_list" time="16.337"/>
  <testcase classname="Testcases.Post_login" name="LIVE_surveycard_Numbers" time="18.56"/>
  <testcase classname="Testcases.Post_login" name="Overview" time="11.025"/>
  <testcase classname="Testcases.Post_login" name="allsurveys_Heading" time="13.444"/>
  <testcase classname="Testcases.Post_login" name="print_the_firstsurvey_response" time="38.262"/>
  <testcase classname="Testcases.Post_login" name="change_filters" time="21.851"/>
  <testcase classname="Testcases.Post_login" name="login_switch_home" time="21.407"/>
  <testcase classname="Testcases.Post_login" name="getstarted_login" time="27.108"/>
  <testcase classname="Testcases.Post_login" name="verifySignupNotDisplayedAfterNavigation" time="15.595">
    <skipped/>
  </testcase> <!-- verifySignupNotDisplayedAfterNavigation -->
  <testcase classname="Testcases.Post_login" name="verifySignupNotDisplayedAfterNavigation" time="15.563">
    <failure type="java.lang.AssertionError" message="Signup screen is still displayed after navigating back expected [false] but found [true]">
      <![CDATA[java.lang.AssertionError: Signup screen is still displayed after navigating back expected [false] but found [true]
at org.testng.Assert.fail(Assert.java:110)
at org.testng.Assert.failNotEquals(Assert.java:1577)
at org.testng.Assert.assertFalse(Assert.java:78)
at Testcases.Post_login.verifySignupNotDisplayedAfterNavigation(Post_login.java:412)
at java.base/jdk.internal.reflect.NativeMethodAccessorImpl.invoke0(Native Method)
at java.base/jdk.internal.reflect.NativeMethodAccessorImpl.invoke(NativeMethodAccessorImpl.java:77)
at java.base/jdk.internal.reflect.DelegatingMethodAccessorImpl.invoke(DelegatingMethodAccessorImpl.java:43)
at java.base/java.lang.reflect.Method.invoke(Method.java:568)
at org.testng.internal.invokers.MethodInvocationHelper.invokeMethod(MethodInvocationHelper.java:139)
at org.testng.internal.invokers.TestInvoker.invokeMethod(TestInvoker.java:677)
at org.testng.internal.invokers.TestInvoker.retryFailed(TestInvoker.java:263)
at org.testng.internal.invokers.MethodRunner.runInSequence(MethodRunner.java:62)
at org.testng.internal.invokers.TestInvoker$MethodInvocationAgent.invoke(TestInvoker.java:969)
at org.testng.internal.invokers.TestInvoker.invokeTestMethods(TestInvoker.java:194)
at org.testng.internal.invokers.TestMethodWorker.invokeTestMethods(TestMethodWorker.java:148)
at org.testng.internal.invokers.TestMethodWorker.run(TestMethodWorker.java:128)
at java.base/java.util.ArrayList.forEach(ArrayList.java:1511)
at org.testng.TestRunner.privateRun(TestRunner.java:829)
at org.testng.TestRunner.run(TestRunner.java:602)
at org.testng.SuiteRunner.runTest(SuiteRunner.java:437)
at org.testng.SuiteRunner.runSequentially(SuiteRunner.java:431)
at org.testng.SuiteRunner.privateRun(SuiteRunner.java:391)
at org.testng.SuiteRunner.run(SuiteRunner.java:330)
at org.testng.SuiteRunnerWorker.runSuite(SuiteRunnerWorker.java:52)
at org.testng.SuiteRunnerWorker.run(SuiteRunnerWorker.java:95)
at org.testng.TestNG.runSuitesSequentially(TestNG.java:1256)
at org.testng.TestNG.runSuitesLocally(TestNG.java:1176)
at org.testng.TestNG.runSuites(TestNG.java:1099)
at org.testng.TestNG.run(TestNG.java:1067)
at org.testng.remote.AbstractRemoteTestNG.run(AbstractRemoteTestNG.java:115)
at org.testng.remote.RemoteTestNG.initAndRun(RemoteTestNG.java:293)
at org.testng.remote.RemoteTestNG.main(RemoteTestNG.java:91)
]]>
    </failure>
  </testcase> <!-- verifySignupNotDisplayedAfterNavigation -->
  <testcase classname="Testcases.Post_login" name="Delete_cookies" time="16.032"/>
  <testcase classname="Testcases.SignUp" name="click_actions" time="2.424"/>
  <testcase classname="Testcases.SignUp" name="clickon_signup" time="1.762"/>
  <testcase classname="Testcases.SignUp" name="login_signup" time="4.501"/>
  <testcase classname="Testcases.SignUp" name="signup_Invalidemail" time="26.596"/>
  <testcase classname="Testcases.SignUp" name="signup_Invalid_OTP" time="32.174"/>
  <testcase classname="Testcases.SignUp" name="Login_signup" time="3.54"/>
  <testcase classname="Testcases.SignUp" name="existing_emailid" time="3.538"/>
  <testcase classname="Testcases.SignUp" name="signup_resendcode" time="36.728"/>
  <testcase classname="Testcases.SignUp" name="signup_MultipleInvalidOtps" time="44.801"/>
  <testcase classname="Testcases.Login_in" name="clickon_login" time="12.086"/>
  <testcase classname="Testcases.Login_in" name="Resend_OTP" time="52.326"/>
  <testcase classname="Testcases.Login_in" name="Invalid_Email" time="11.124"/>
  <testcase classname="Testcases.Login_in" name="email_error_message" time="11.202"/>
  <testcase classname="Testcases.Login_in" name="OTP_error" time="15.834"/>
  <testcase classname="Testcases.Login_in" name="login_signup" time="1.801"/>
  <testcase classname="Testcases.Login_in" name="New_emailid" time="11.213"/>
  <testcase classname="Testcases.Login_in" name="signup_login" time="12.551"/>
  <testcase classname="Testcases.Login_in" name="New_emailid_clickon_get_started" time="11.254"/>
  <testcase classname="Testcases.Login_in" name="New_emailidclickon_get_started" time="11.363"/>
  <testcase classname="Testcases.clickable_function" name="TC_01" time="1.635"/>
  <testcase classname="Testcases.clickable_function" name="TC_02" time="1.641"/>
  <testcase classname="Testcases.clickable_function" name="TC_03" time="2.563"/>
  <testcase classname="Testcases.clickable_function" name="TC_05" time="7.59"/>
  <testcase classname="Testcases.clickable_function" name="TC_06" time="7.035"/>
  <testcase classname="Testcases.clickable_function" name="TC_07" time="9.441"/>
  <testcase classname="Testcases.clickable_function" name="TC_08" time="10.029"/>
  <testcase classname="Testcases.clickable_function" name="TC_10" time="4.362"/>
  <testcase classname="Testcases.clickable_function" name="TC_04" time="0.0">
    <ignored/>
  </testcase> <!-- TC_04 -->
  <testcase classname="Baseclass.Basetest" name="@AfterSuite tearDownExtentReports" time="0.0">
    <ignored/>
  </testcase> <!-- @AfterSuite tearDownExtentReports -->
  <testcase classname="Baseclass.Basetest" name="@AfterSuite tearDownExtentReports" time="0.0">
    <ignored/>
  </testcase> <!-- @AfterSuite tearDownExtentReports -->
  <testcase classname="Baseclass.Basetest" name="@BeforeSuite setupExtentReports" time="0.0">
    <ignored/>
  </testcase> <!-- @BeforeSuite setupExtentReports -->
  <testcase classname="Testcases.SignUp" name="signup_Welcome" time="0.0">
    <ignored/>
  </testcase> <!-- signup_Welcome -->
  <testcase classname="Baseclass.Basetest" name="@AfterSuite tearDownExtentReports" time="0.0">
    <ignored/>
  </testcase> <!-- @AfterSuite tearDownExtentReports -->
  <testcase classname="Testcases.SignUp" name="signup_EmptyEmail" time="0.0">
    <ignored/>
  </testcase> <!-- signup_EmptyEmail -->
  <testcase classname="Baseclass.Basetest" name="@BeforeSuite setupExtentReports" time="0.0">
    <ignored/>
  </testcase> <!-- @BeforeSuite setupExtentReports -->
  <testcase classname="Testcases.clickable_function" name="TC_09" time="0.0">
    <ignored/>
  </testcase> <!-- TC_09 -->
  <testcase classname="Baseclass.Basetest" name="@BeforeSuite setupExtentReports" time="0.0">
    <ignored/>
  </testcase> <!-- @BeforeSuite setupExtentReports -->
</testsuite> <!-- Default test -->
