<?xml version="1.0" encoding="UTF-8"?>
<!-- Generated by org.testng.reporters.JUnitReportReporter -->
<testsuite hostname="Rajesh" failures="1" tests="18" name="Testcases.Post_login" time="373.052" errors="0" timestamp="2024-07-01T13:38:28 IST" skipped="1">
  <testcase classname="Testcases.Post_login" name="Login_Dashboard" time="16.413"/>
  <system-out/>
  <testcase classname="Testcases.Post_login" name="signup_login" time="14.221"/>
  <system-out/>
  <testcase classname="Testcases.Post_login" name="after_login_changeto_filter" time="20.904"/>
  <system-out/>
  <testcase classname="Testcases.Post_login" name="Surveycard_back_navigation" time="23.397"/>
  <system-out/>
  <testcase classname="Testcases.Post_login" name="printing_survey_title" time="14.666"/>
  <system-out/>
  <testcase classname="Testcases.Post_login" name="allsurveys_cardLIST" time="16.915"/>
  <system-out/>
  <testcase classname="Testcases.Post_login" name="Scheduled_surveys_cardNumber" time="18.351"/>
  <system-out/>
  <testcase classname="Testcases.Post_login" name="Completed_survey_list" time="19.267"/>
  <system-out/>
  <testcase classname="Testcases.Post_login" name="LIVE_surveycard_Numbers" time="20.450"/>
  <system-out/>
  <testcase classname="Testcases.Post_login" name="Overview" time="13.360"/>
  <system-out/>
  <testcase classname="Testcases.Post_login" name="allsurveys_Heading" time="18.022"/>
  <system-out/>
  <testcase classname="Testcases.Post_login" name="print_the_firstsurvey_response" time="39.958"/>
  <system-out/>
  <testcase classname="Testcases.Post_login" name="change_filters" time="24.168"/>
  <system-out/>
  <testcase classname="Testcases.Post_login" name="login_switch_home" time="26.025"/>
  <system-out/>
  <testcase classname="Testcases.Post_login" name="getstarted_login" time="29.409"/>
  <system-out/>
  <testcase classname="Testcases.Post_login" name="verifySignupNotDisplayedAfterNavigation" time="20.480">
    <skipped/>
  </testcase> <!-- verifySignupNotDisplayedAfterNavigation -->
  <system-out/>
  <testcase classname="Testcases.Post_login" name="verifySignupNotDisplayedAfterNavigation" time="17.951">
    <failure message="Signup screen is still displayed after navigating back expected [false] but found [true]" type="java.lang.AssertionError">
      <![CDATA[java.lang.AssertionError: Signup screen is still displayed after navigating back expected [false] but found [true]
at org.testng.Assert.fail(Assert.java:110)
at org.testng.Assert.failNotEquals(Assert.java:1577)
at org.testng.Assert.assertFalse(Assert.java:78)
at Testcases.Post_login.verifySignupNotDisplayedAfterNavigation(Post_login.java:412)
at java.base/jdk.internal.reflect.NativeMethodAccessorImpl.invoke0(Native Method)
at java.base/jdk.internal.reflect.NativeMethodAccessorImpl.invoke(NativeMethodAccessorImpl.java:77)
at java.base/jdk.internal.reflect.DelegatingMethodAccessorImpl.invoke(DelegatingMethodAccessorImpl.java:43)
at java.base/java.lang.reflect.Method.invoke(Method.java:568)
at org.testng.internal.invokers.MethodInvocationHelper.invokeMethod(MethodInvocationHelper.java:139)
at org.testng.internal.invokers.TestInvoker.invokeMethod(TestInvoker.java:677)
at org.testng.internal.invokers.TestInvoker.retryFailed(TestInvoker.java:263)
at org.testng.internal.invokers.MethodRunner.runInSequence(MethodRunner.java:62)
at org.testng.internal.invokers.TestInvoker$MethodInvocationAgent.invoke(TestInvoker.java:969)
at org.testng.internal.invokers.TestInvoker.invokeTestMethods(TestInvoker.java:194)
at org.testng.internal.invokers.TestMethodWorker.invokeTestMethods(TestMethodWorker.java:148)
at org.testng.internal.invokers.TestMethodWorker.run(TestMethodWorker.java:128)
at java.base/java.util.ArrayList.forEach(ArrayList.java:1511)
at org.testng.TestRunner.privateRun(TestRunner.java:829)
at org.testng.TestRunner.run(TestRunner.java:602)
at org.testng.SuiteRunner.runTest(SuiteRunner.java:437)
at org.testng.SuiteRunner.runSequentially(SuiteRunner.java:431)
at org.testng.SuiteRunner.privateRun(SuiteRunner.java:391)
at org.testng.SuiteRunner.run(SuiteRunner.java:330)
at org.testng.SuiteRunnerWorker.runSuite(SuiteRunnerWorker.java:52)
at org.testng.SuiteRunnerWorker.run(SuiteRunnerWorker.java:95)
at org.testng.TestNG.runSuitesSequentially(TestNG.java:1256)
at org.testng.TestNG.runSuitesLocally(TestNG.java:1176)
at org.testng.TestNG.runSuites(TestNG.java:1099)
at org.testng.TestNG.run(TestNG.java:1067)
at org.testng.remote.AbstractRemoteTestNG.run(AbstractRemoteTestNG.java:115)
at org.testng.remote.RemoteTestNG.initAndRun(RemoteTestNG.java:293)
at org.testng.remote.RemoteTestNG.main(RemoteTestNG.java:91)
]]>
    </failure>
  </testcase> <!-- verifySignupNotDisplayedAfterNavigation -->
  <system-out/>
  <testcase classname="Testcases.Post_login" name="Delete_cookies" time="19.095"/>
  <system-out/>
</testsuite> <!-- Testcases.Post_login -->
